Determining if the pthread_create exist failed with the following output:
Change Dir: /home/emre/catkin_ws/src/command_turtle/build/CMakeFiles/CMakeTmp

Run Build Command:"/usr/bin/make" "cmTC_3e0bd/fast"
/usr/bin/make -f CMakeFiles/cmTC_3e0bd.dir/build.make CMakeFiles/cmTC_3e0bd.dir/build
make[1]: Entering directory '/home/emre/catkin_ws/src/command_turtle/build/CMakeFiles/CMakeTmp'
Building C object CMakeFiles/cmTC_3e0bd.dir/CheckSymbolExists.c.o
/usr/bin/cc    -o CMakeFiles/cmTC_3e0bd.dir/CheckSymbolExists.c.o   -c /home/emre/catkin_ws/src/command_turtle/build/CMakeFiles/CMakeTmp/CheckSymbolExists.c
Linking C executable cmTC_3e0bd
/usr/bin/cmake -E cmake_link_script CMakeFiles/cmTC_3e0bd.dir/link.txt --verbose=1
/usr/bin/cc      -rdynamic CMakeFiles/cmTC_3e0bd.dir/CheckSymbolExists.c.o  -o cmTC_3e0bd 
CMakeFiles/cmTC_3e0bd.dir/CheckSymbolExists.c.o: In function `main':
CheckSymbolExists.c:(.text+0x1b): undefined reference to `pthread_create'
collect2: error: ld returned 1 exit status
CMakeFiles/cmTC_3e0bd.dir/build.make:97: recipe for target 'cmTC_3e0bd' failed
make[1]: *** [cmTC_3e0bd] Error 1
make[1]: Leaving directory '/home/emre/catkin_ws/src/command_turtle/build/CMakeFiles/CMakeTmp'
Makefile:126: recipe for target 'cmTC_3e0bd/fast' failed
make: *** [cmTC_3e0bd/fast] Error 2

File /home/emre/catkin_ws/src/command_turtle/build/CMakeFiles/CMakeTmp/CheckSymbolExists.c:
/* */
#include <pthread.h>

int main(int argc, char** argv)
{
  (void)argv;
#ifndef pthread_create
  return ((int*)(&pthread_create))[argc];
#else
  (void)argc;
  return 0;
#endif
}

Determining if the function pthread_create exists in the pthreads failed with the following output:
Change Dir: /home/emre/catkin_ws/src/command_turtle/build/CMakeFiles/CMakeTmp

Run Build Command:"/usr/bin/make" "cmTC_941a6/fast"
/usr/bin/make -f CMakeFiles/cmTC_941a6.dir/build.make CMakeFiles/cmTC_941a6.dir/build
make[1]: Entering directory '/home/emre/catkin_ws/src/command_turtle/build/CMakeFiles/CMakeTmp'
Building C object CMakeFiles/cmTC_941a6.dir/CheckFunctionExists.c.o
/usr/bin/cc   -DCHECK_FUNCTION_EXISTS=pthread_create   -o CMakeFiles/cmTC_941a6.dir/CheckFunctionExists.c.o   -c /usr/share/cmake-3.10/Modules/CheckFunctionExists.c
Linking C executable cmTC_941a6
/usr/bin/cmake -E cmake_link_script CMakeFiles/cmTC_941a6.dir/link.txt --verbose=1
/usr/bin/cc  -DCHECK_FUNCTION_EXISTS=pthread_create    -rdynamic CMakeFiles/cmTC_941a6.dir/CheckFunctionExists.c.o  -o cmTC_941a6 -lpthreads 
/usr/bin/ld: cannot find -lpthreads
collect2: error: ld returned 1 exit status
CMakeFiles/cmTC_941a6.dir/build.make:97: recipe for target 'cmTC_941a6' failed
make[1]: *** [cmTC_941a6] Error 1
make[1]: Leaving directory '/home/emre/catkin_ws/src/command_turtle/build/CMakeFiles/CMakeTmp'
Makefile:126: recipe for target 'cmTC_941a6/fast' failed
make: *** [cmTC_941a6/fast] Error 2


